<?xml version="1.0" encoding="UTF-8"?>
<testng-results ignored="0" total="2" passed="1" failed="1" skipped="0">
  <reporter-output>
  </reporter-output>
  <suite started-at="2021-11-24T15:19:30 IST" name="Default suite" finished-at="2021-11-24T15:20:01 IST" duration-ms="30692">
    <groups>
      <group name="Yahoo">
        <method signature="Test4Morning.Test1()[pri:1, instance:com.learn.test.Test4Morning@56a6d5a6]" name="Test1" class="com.learn.test.Test4Morning"/>
      </group> <!-- Yahoo -->
      <group name="Practice">
        <method signature="Test4Morning.practice()[pri:2, instance:com.learn.test.Test4Morning@56a6d5a6]" name="practice" class="com.learn.test.Test4Morning"/>
      </group> <!-- Practice -->
    </groups>
    <test started-at="2021-11-24T15:19:30 IST" name="Default test" finished-at="2021-11-24T15:20:01 IST" duration-ms="30692">
      <class name="com.learn.test.Test4Morning">
        <test-method is-config="true" signature="beforeMethod()[pri:0, instance:com.learn.test.Test4Morning@56a6d5a6]" started-at="2021-11-24T15:19:30 IST" name="beforeMethod" finished-at="2021-11-24T15:19:37 IST" duration-ms="6962" status="PASS">
          <reporter-output>
          </reporter-output>
        </test-method> <!-- beforeMethod -->
        <test-method signature="Test1()[pri:1, instance:com.learn.test.Test4Morning@56a6d5a6]" started-at="2021-11-24T15:19:37 IST" name="Test1" finished-at="2021-11-24T15:19:47 IST" duration-ms="9570" status="PASS">
          <reporter-output>
          </reporter-output>
        </test-method> <!-- Test1 -->
        <test-method is-config="true" signature="afterMethod()[pri:0, instance:com.learn.test.Test4Morning@56a6d5a6]" started-at="2021-11-24T15:19:47 IST" name="afterMethod" finished-at="2021-11-24T15:19:50 IST" duration-ms="3184" status="PASS">
          <reporter-output>
          </reporter-output>
        </test-method> <!-- afterMethod -->
        <test-method is-config="true" signature="beforeMethod()[pri:0, instance:com.learn.test.Test4Morning@56a6d5a6]" started-at="2021-11-24T15:19:50 IST" name="beforeMethod" finished-at="2021-11-24T15:19:55 IST" duration-ms="4942" status="PASS">
          <reporter-output>
          </reporter-output>
        </test-method> <!-- beforeMethod -->
        <test-method signature="practice()[pri:2, instance:com.learn.test.Test4Morning@56a6d5a6]" started-at="2021-11-24T15:19:55 IST" name="practice" finished-at="2021-11-24T15:19:58 IST" depends-on-methods="com.learn.test.Test4Morning.Test1" duration-ms="2775" status="FAIL">
          <exception class="org.openqa.selenium.NoSuchFrameException">
            <message>
              <![CDATA[no such frame
  (Session info: chrome=96.0.4664.55)
Build info: version: '4.0.0', revision: '3a21814679'
System info: host: 'Ankits-MacBook-Air.local', ip: 'fe80:0:0:0:1886:1217:1f19:1484%en0', os.name: 'Mac OS X', os.arch: 'x86_64', os.version: '11.6.1', java.version: '17.0.1'
Driver info: org.openqa.selenium.chrome.ChromeDriver
Command: [60f031adc27f9aeb112c7ae2bbd8272a, switchToFrame {id=0}]
Capabilities {acceptInsecureCerts: false, browserName: chrome, browserVersion: 96.0.4664.55, chrome: {chromedriverVersion: 95.0.4638.17 (a9d0719444d4b..., userDataDir: /var/folders/zl/m7l41kf1731...}, goog:chromeOptions: {debuggerAddress: localhost:56807}, javascriptEnabled: true, networkConnectionEnabled: false, pageLoadStrategy: normal, platform: MAC, platformName: MAC, proxy: Proxy(), se:cdp: ws://localhost:56807/devtoo..., se:cdpVersion: 96.0.4664.55, setWindowRect: true, strictFileInteractability: false, timeouts: {implicit: 0, pageLoad: 300000, script: 30000}, unhandledPromptBehavior: dismiss and notify, webauthn:extension:credBlob: true, webauthn:extension:largeBlob: true, webauthn:virtualAuthenticators: true}
Session ID: 60f031adc27f9aeb112c7ae2bbd8272a]]>
            </message>
            <full-stacktrace>
              <![CDATA[org.openqa.selenium.NoSuchFrameException: no such frame
  (Session info: chrome=96.0.4664.55)
Build info: version: '4.0.0', revision: '3a21814679'
System info: host: 'Ankits-MacBook-Air.local', ip: 'fe80:0:0:0:1886:1217:1f19:1484%en0', os.name: 'Mac OS X', os.arch: 'x86_64', os.version: '11.6.1', java.version: '17.0.1'
Driver info: org.openqa.selenium.chrome.ChromeDriver
Command: [60f031adc27f9aeb112c7ae2bbd8272a, switchToFrame {id=0}]
Capabilities {acceptInsecureCerts: false, browserName: chrome, browserVersion: 96.0.4664.55, chrome: {chromedriverVersion: 95.0.4638.17 (a9d0719444d4b..., userDataDir: /var/folders/zl/m7l41kf1731...}, goog:chromeOptions: {debuggerAddress: localhost:56807}, javascriptEnabled: true, networkConnectionEnabled: false, pageLoadStrategy: normal, platform: MAC, platformName: MAC, proxy: Proxy(), se:cdp: ws://localhost:56807/devtoo..., se:cdpVersion: 96.0.4664.55, setWindowRect: true, strictFileInteractability: false, timeouts: {implicit: 0, pageLoad: 300000, script: 30000}, unhandledPromptBehavior: dismiss and notify, webauthn:extension:credBlob: true, webauthn:extension:largeBlob: true, webauthn:virtualAuthenticators: true}
Session ID: 60f031adc27f9aeb112c7ae2bbd8272a
at java.base/jdk.internal.reflect.NativeConstructorAccessorImpl.newInstance0(Native Method)
at java.base/jdk.internal.reflect.NativeConstructorAccessorImpl.newInstance(NativeConstructorAccessorImpl.java:77)
at java.base/jdk.internal.reflect.DelegatingConstructorAccessorImpl.newInstance(DelegatingConstructorAccessorImpl.java:45)
at java.base/java.lang.reflect.Constructor.newInstanceWithCaller(Constructor.java:499)
at java.base/java.lang.reflect.Constructor.newInstance(Constructor.java:480)
at org.openqa.selenium.remote.codec.w3c.W3CHttpResponseCodec.createException(W3CHttpResponseCodec.java:200)
at org.openqa.selenium.remote.codec.w3c.W3CHttpResponseCodec.decode(W3CHttpResponseCodec.java:133)
at org.openqa.selenium.remote.codec.w3c.W3CHttpResponseCodec.decode(W3CHttpResponseCodec.java:53)
at org.openqa.selenium.remote.HttpCommandExecutor.execute(HttpCommandExecutor.java:184)
at org.openqa.selenium.remote.service.DriverCommandExecutor.invokeExecute(DriverCommandExecutor.java:164)
at org.openqa.selenium.remote.service.DriverCommandExecutor.execute(DriverCommandExecutor.java:139)
at org.openqa.selenium.remote.RemoteWebDriver.execute(RemoteWebDriver.java:559)
at org.openqa.selenium.remote.RemoteWebDriver$RemoteTargetLocator.frame(RemoteWebDriver.java:975)
at com.learn.test.Test4Morning.practice(Test4Morning.java:48)
at java.base/jdk.internal.reflect.NativeMethodAccessorImpl.invoke0(Native Method)
at java.base/jdk.internal.reflect.NativeMethodAccessorImpl.invoke(NativeMethodAccessorImpl.java:77)
at java.base/jdk.internal.reflect.DelegatingMethodAccessorImpl.invoke(DelegatingMethodAccessorImpl.java:43)
at java.base/java.lang.reflect.Method.invoke(Method.java:568)
at org.testng.internal.MethodInvocationHelper.invokeMethod(MethodInvocationHelper.java:133)
at org.testng.internal.TestInvoker.invokeMethod(TestInvoker.java:598)
at org.testng.internal.TestInvoker.invokeTestMethod(TestInvoker.java:173)
at org.testng.internal.MethodRunner.runInSequence(MethodRunner.java:46)
at org.testng.internal.TestInvoker$MethodInvocationAgent.invoke(TestInvoker.java:824)
at org.testng.internal.TestInvoker.invokeTestMethods(TestInvoker.java:146)
at org.testng.internal.TestMethodWorker.invokeTestMethods(TestMethodWorker.java:146)
at org.testng.internal.TestMethodWorker.run(TestMethodWorker.java:128)
at java.base/java.util.ArrayList.forEach(ArrayList.java:1511)
at org.testng.TestRunner.privateRun(TestRunner.java:794)
at org.testng.TestRunner.run(TestRunner.java:596)
at org.testng.SuiteRunner.runTest(SuiteRunner.java:377)
at org.testng.SuiteRunner.runSequentially(SuiteRunner.java:371)
at org.testng.SuiteRunner.privateRun(SuiteRunner.java:332)
at org.testng.SuiteRunner.run(SuiteRunner.java:276)
at org.testng.SuiteRunnerWorker.runSuite(SuiteRunnerWorker.java:53)
at org.testng.SuiteRunnerWorker.run(SuiteRunnerWorker.java:96)
at org.testng.TestNG.runSuitesSequentially(TestNG.java:1212)
at org.testng.TestNG.runSuitesLocally(TestNG.java:1134)
at org.testng.TestNG.runSuites(TestNG.java:1063)
at org.testng.TestNG.run(TestNG.java:1031)
at org.testng.remote.AbstractRemoteTestNG.run(AbstractRemoteTestNG.java:115)
at org.testng.remote.RemoteTestNG.initAndRun(RemoteTestNG.java:251)
at org.testng.remote.RemoteTestNG.main(RemoteTestNG.java:77)
]]>
            </full-stacktrace>
          </exception> <!-- org.openqa.selenium.NoSuchFrameException -->
          <reporter-output>
          </reporter-output>
        </test-method> <!-- practice -->
        <test-method is-config="true" signature="afterMethod()[pri:0, instance:com.learn.test.Test4Morning@56a6d5a6]" started-at="2021-11-24T15:19:58 IST" name="afterMethod" finished-at="2021-11-24T15:20:01 IST" duration-ms="3150" status="PASS">
          <reporter-output>
          </reporter-output>
        </test-method> <!-- afterMethod -->
      </class> <!-- com.learn.test.Test4Morning -->
    </test> <!-- Default test -->
  </suite> <!-- Default suite -->
</testng-results>
